<?xml version="1.0" encoding="UTF-8"?>
<!-- Generated by org.testng.reporters.JUnitXMLReporter -->
<testsuite ignored="0" hostname="Keshav-Surface" failures="0" tests="3" name="Test" time="38.607" errors="0" timestamp="2023-07-30T13:19:22 IST">
  <testcase classname="com.testsuite.TestOne" name="UserAccessCreation on Thread[Thread-1,5,main]" time="12.421"/>
  <testcase classname="com.testsuite.TestOne" name="UserAccessCreation on Thread[Thread-1,5,main]" time="12.018"/>
  <testcase classname="com.testsuite.TestOne" name="UserAccessCreation on Thread[Thread-1,5,main]" time="9.732"/>
</testsuite> <!-- Test -->
