<?xml version="1.0" encoding="UTF-8"?>
<testng-results ignored="0" total="3" passed="3" failed="0" skipped="0">
  <reporter-output>
  </reporter-output>
  <suite started-at="2023-07-30T13:18:43 IST" name="Suite" finished-at="2023-07-30T13:19:22 IST" duration-ms="38607">
    <groups>
    </groups>
    <test started-at="2023-07-30T13:18:43 IST" name="Test" finished-at="2023-07-30T13:19:22 IST" duration-ms="38607">
      <class name="com.testsuite.TestOne">
        <test-method is-config="true" signature="beforeSuite()[pri:0, instance:Thread[Thread-1,5,main]]" started-at="2023-07-30T13:18:39 IST" name="beforeSuite" finished-at="2023-07-30T13:18:43 IST" duration-ms="4068" status="PASS">
          <reporter-output>
          </reporter-output>
        </test-method> <!-- beforeSuite -->
        <test-method is-config="true" signature="initializeBaseSetup(org.testng.ITestContext)[pri:0, instance:Thread[Thread-1,5,main]]" started-at="2023-07-30T13:18:44 IST" name="initializeBaseSetup" finished-at="2023-07-30T13:18:46 IST" duration-ms="1455" status="PASS">
          <params>
            <param index="0">
              <value>
                <![CDATA[org.testng.TestRunner@2b9b17ce]]>
              </value>
            </param>
          </params>
          <reporter-output>
          </reporter-output>
        </test-method> <!-- initializeBaseSetup -->
        <test-method signature="UserAccessCreation(java.lang.reflect.Method,java.lang.String,java.lang.String,java.lang.String,java.lang.String)[pri:0, instance:Thread[Thread-1,5,main]]" started-at="2023-07-30T13:18:46 IST" name="UserAccessCreation" data-provider="UserAccess" finished-at="2023-07-30T13:18:58 IST" duration-ms="12421" status="PASS">
          <params>
            <param index="0">
              <value>
                <![CDATA[public void com.testsuite.TestOne.UserAccessCreation(java.lang.reflect.Method,java.lang.String,java.lang.String,java.lang.String,java.lang.String) throws java.lang.Exception]]>
              </value>
            </param>
            <param index="1">
              <value>
                <![CDATA[flipart]]>
              </value>
            </param>
            <param index="2">
              <value>
                <![CDATA[keshav]]>
              </value>
            </param>
            <param index="3">
              <value>
                <![CDATA[keshav]]>
              </value>
            </param>
            <param index="4">
              <value>
                <![CDATA[flipkart]]>
              </value>
            </param>
          </params>
          <reporter-output>
          </reporter-output>
        </test-method> <!-- UserAccessCreation -->
        <test-method is-config="true" signature="getResult(org.testng.ITestResult)[pri:0, instance:Thread[Thread-1,5,main]]" started-at="2023-07-30T13:18:58 IST" name="getResult" finished-at="2023-07-30T13:18:58 IST" duration-ms="285" status="PASS">
          <params>
            <param index="0">
              <value>
                <![CDATA[[TestResult name=UserAccessCreation on Thread[Thread-1,5,main] status=SUCCESS method=TestOne.UserAccessCreation(java.lang.reflect.Method,java.lang.String,java.lang.String,java.lang.String,java.lang.String)[pri:0, instance:Thread[Thread-1,5,main]] output={null}]]]>
              </value>
            </param>
          </params>
          <reporter-output>
          </reporter-output>
        </test-method> <!-- getResult -->
        <test-method is-config="true" signature="initializeBaseSetup(org.testng.ITestContext)[pri:0, instance:Thread[Thread-1,5,main]]" started-at="2023-07-30T13:18:58 IST" name="initializeBaseSetup" finished-at="2023-07-30T13:18:59 IST" duration-ms="791" status="PASS">
          <params>
            <param index="0">
              <value>
                <![CDATA[org.testng.TestRunner@2b9b17ce]]>
              </value>
            </param>
          </params>
          <reporter-output>
          </reporter-output>
        </test-method> <!-- initializeBaseSetup -->
        <test-method signature="UserAccessCreation(java.lang.reflect.Method,java.lang.String,java.lang.String,java.lang.String,java.lang.String)[pri:0, instance:Thread[Thread-1,5,main]]" started-at="2023-07-30T13:18:59 IST" name="UserAccessCreation" data-provider="UserAccess" finished-at="2023-07-30T13:19:11 IST" duration-ms="12018" status="PASS">
          <params>
            <param index="0">
              <value>
                <![CDATA[public void com.testsuite.TestOne.UserAccessCreation(java.lang.reflect.Method,java.lang.String,java.lang.String,java.lang.String,java.lang.String) throws java.lang.Exception]]>
              </value>
            </param>
            <param index="1">
              <value>
                <![CDATA[gmail]]>
              </value>
            </param>
            <param index="2">
              <value>
                <![CDATA[keshav]]>
              </value>
            </param>
            <param index="3">
              <value>
                <![CDATA[keshav]]>
              </value>
            </param>
            <param index="4">
              <value>
                <![CDATA[gmail]]>
              </value>
            </param>
          </params>
          <reporter-output>
          </reporter-output>
        </test-method> <!-- UserAccessCreation -->
        <test-method is-config="true" signature="getResult(org.testng.ITestResult)[pri:0, instance:Thread[Thread-1,5,main]]" started-at="2023-07-30T13:19:11 IST" name="getResult" finished-at="2023-07-30T13:19:11 IST" duration-ms="214" status="PASS">
          <params>
            <param index="0">
              <value>
                <![CDATA[[TestResult name=UserAccessCreation on Thread[Thread-1,5,main] status=SUCCESS method=TestOne.UserAccessCreation(java.lang.reflect.Method,java.lang.String,java.lang.String,java.lang.String,java.lang.String)[pri:0, instance:Thread[Thread-1,5,main]] output={null}]]]>
              </value>
            </param>
          </params>
          <reporter-output>
          </reporter-output>
        </test-method> <!-- getResult -->
        <test-method is-config="true" signature="initializeBaseSetup(org.testng.ITestContext)[pri:0, instance:Thread[Thread-1,5,main]]" started-at="2023-07-30T13:19:11 IST" name="initializeBaseSetup" finished-at="2023-07-30T13:19:12 IST" duration-ms="749" status="PASS">
          <params>
            <param index="0">
              <value>
                <![CDATA[org.testng.TestRunner@2b9b17ce]]>
              </value>
            </param>
          </params>
          <reporter-output>
          </reporter-output>
        </test-method> <!-- initializeBaseSetup -->
        <test-method signature="UserAccessCreation(java.lang.reflect.Method,java.lang.String,java.lang.String,java.lang.String,java.lang.String)[pri:0, instance:Thread[Thread-1,5,main]]" started-at="2023-07-30T13:19:12 IST" name="UserAccessCreation" data-provider="UserAccess" finished-at="2023-07-30T13:19:22 IST" duration-ms="9732" status="PASS">
          <params>
            <param index="0">
              <value>
                <![CDATA[public void com.testsuite.TestOne.UserAccessCreation(java.lang.reflect.Method,java.lang.String,java.lang.String,java.lang.String,java.lang.String) throws java.lang.Exception]]>
              </value>
            </param>
            <param index="1">
              <value>
                <![CDATA[facebook]]>
              </value>
            </param>
            <param index="2">
              <value>
                <![CDATA[keshav]]>
              </value>
            </param>
            <param index="3">
              <value>
                <![CDATA[keshav]]>
              </value>
            </param>
            <param index="4">
              <value>
                <![CDATA[facebook]]>
              </value>
            </param>
          </params>
          <reporter-output>
          </reporter-output>
        </test-method> <!-- UserAccessCreation -->
        <test-method is-config="true" signature="getResult(org.testng.ITestResult)[pri:0, instance:Thread[Thread-1,5,main]]" started-at="2023-07-30T13:19:22 IST" name="getResult" finished-at="2023-07-30T13:19:22 IST" duration-ms="307" status="PASS">
          <params>
            <param index="0">
              <value>
                <![CDATA[[TestResult name=UserAccessCreation on Thread[Thread-1,5,main] status=SUCCESS method=TestOne.UserAccessCreation(java.lang.reflect.Method,java.lang.String,java.lang.String,java.lang.String,java.lang.String)[pri:0, instance:Thread[Thread-1,5,main]] output={null}]]]>
              </value>
            </param>
          </params>
          <reporter-output>
          </reporter-output>
        </test-method> <!-- getResult -->
      </class> <!-- com.testsuite.TestOne -->
    </test> <!-- Test -->
  </suite> <!-- Suite -->
</testng-results>
